CRITICAL - 2024-03-31 05:47:39 --> CodeIgniter\View\Exceptions\ViewException: Invalid file: "template/footer.php"
in SYSTEMPATH\Exceptions\FrameworkException.php on line 39.
 1 SYSTEMPATH\View\View.php(216): CodeIgniter\Exceptions\FrameworkException::forInvalidFile('template/footer.php')
 2 SYSTEMPATH\View\View.php(469): CodeIgniter\View\View->render('template/footer.php', null, true)
 3 APPPATH\Views\about.php(20): CodeIgniter\View\View->include('template/footer.php')
 4 SYSTEMPATH\View\View.php(228): include('C:\\xampp\\htdocs\\lab11_php_ci\\ci4\\app\\Views\\about.php')
 5 SYSTEMPATH\View\View.php(231): CodeIgniter\View\View->CodeIgniter\View\{closure}()
 6 SYSTEMPATH\Common.php(1178): CodeIgniter\View\View->render('about', [], true)
 7 APPPATH\Controllers\page.php(9): view('about', [...])
 8 SYSTEMPATH\CodeIgniter.php(941): App\Controllers\Page->about()
 9 SYSTEMPATH\CodeIgniter.php(502): CodeIgniter\CodeIgniter->runController(Object(App\Controllers\Page))
10 SYSTEMPATH\CodeIgniter.php(361): CodeIgniter\CodeIgniter->handleRequest(null, Object(Config\Cache), false)
11 FCPATH\index.php(79): CodeIgniter\CodeIgniter->run()
12 SYSTEMPATH\Commands\Server\rewrite.php(47): require_once('C:\\xampp\\htdocs\\lab11_php_ci\\ci4\\public\\index.php')
CRITICAL - 2024-03-31 05:47:43 --> CodeIgniter\View\Exceptions\ViewException: Invalid file: "template/footer.php"
in SYSTEMPATH\Exceptions\FrameworkException.php on line 39.
 1 SYSTEMPATH\View\View.php(216): CodeIgniter\Exceptions\FrameworkException::forInvalidFile('template/footer.php')
 2 SYSTEMPATH\View\View.php(469): CodeIgniter\View\View->render('template/footer.php', null, true)
 3 APPPATH\Views\about.php(20): CodeIgniter\View\View->include('template/footer.php')
 4 SYSTEMPATH\View\View.php(228): include('C:\\xampp\\htdocs\\lab11_php_ci\\ci4\\app\\Views\\about.php')
 5 SYSTEMPATH\View\View.php(231): CodeIgniter\View\View->CodeIgniter\View\{closure}()
 6 SYSTEMPATH\Common.php(1178): CodeIgniter\View\View->render('about', [], true)
 7 APPPATH\Controllers\page.php(9): view('about', [...])
 8 SYSTEMPATH\CodeIgniter.php(941): App\Controllers\Page->about()
 9 SYSTEMPATH\CodeIgniter.php(502): CodeIgniter\CodeIgniter->runController(Object(App\Controllers\Page))
10 SYSTEMPATH\CodeIgniter.php(361): CodeIgniter\CodeIgniter->handleRequest(null, Object(Config\Cache), false)
11 FCPATH\index.php(79): CodeIgniter\CodeIgniter->run()
12 SYSTEMPATH\Commands\Server\rewrite.php(47): require_once('C:\\xampp\\htdocs\\lab11_php_ci\\ci4\\public\\index.php')
